<?xml version="1.0" encoding="utf-8"?><testsuites><testsuite name="pytest" errors="0" failures="0" skipped="0" tests="4" time="0.228" timestamp="2022-08-14T16:56:13.721328" hostname="f734036c4611"><testcase classname="test.test_SecretController.test_SecretController" name="test_enter_secret_has_input" time="0.017" /><testcase classname="test.test_SecretRepo.test_SecretRepo" name="test_repo_cannot_retrieve_more_than_once" time="0.002" /><testcase classname="test.test_SecretRepo.test_SecretRepo" name="test_repo_cannot_retrieve_non_stored_secret" time="0.001" /><testcase classname="test.test_SecretRepo.test_SecretRepo" name="test_repo_store_and_get_secret" time="0.002" /></testsuite></testsuites>